::1 - - [23/Nov/2019:18:41:58 +0100] "GET /phpmyadmin HTTP/1.1" 301 241
::1 - - [23/Nov/2019:18:41:58 +0100] "GET /phpmyadmin/ HTTP/1.1" 200 8521
::1 - - [23/Nov/2019:18:41:59 +0100] "GET /phpmyadmin/themes/pmahomme/jquery/jquery-ui-1.9.2.custom.css HTTP/1.1" 200 32278
::1 - - [23/Nov/2019:18:41:59 +0100] "GET /phpmyadmin/js/get_scripts.js.php?scripts[]=jquery/jquery-1.8.3.js&scripts[]=ajax.js&scripts[]=keyhandler.js&scripts[]=jquery/jquery-ui-1.9.2.custom.js&scripts[]=jquery/jquery.sprintf.js&scripts[]=jquery/jquery.cookie.js&scripts[]=jquery/jquery.mousewheel.js&scripts[]=jquery/jquery.event.drag-2.2.js&scripts[]=jquery/jquery-ui-timepicker-addon.js&scripts[]=jquery/jquery.ba-hashchange-1.3.js&scripts[]=jquery/jquery.debounce-1.0.5.js&scripts[]=jquery/jquery.menuResizer-1.0.js&scripts[]=rte.js&scripts[]=functions.js&scripts[]=navigation.js&scripts[]=indexes.js&scripts[]=common.js&scripts[]=codemirror/lib/codemirror.js&scripts[]=codemirror/mode/mysql/mysql.js HTTP/1.1" 200 578562
::1 - - [23/Nov/2019:18:41:59 +0100] "GET /phpmyadmin/phpmyadmin.css.php?server=1&lang=es&collation_connection=utf8_general_ci&token=04527149e381668f7252c1d487a41b14&nocache=4723592820ltr HTTP/1.1" 200 88608
::1 - - [23/Nov/2019:18:41:59 +0100] "GET /phpmyadmin/js/get_image.js.php?theme=pmahomme HTTP/1.1" 200 6263
::1 - - [23/Nov/2019:18:41:59 +0100] "GET /phpmyadmin/js/messages.php?lang=es&db=&server=0&collation_connection=utf8_general_ci&token=be6bb4438bf93b4fa4b89f3b5db6b472 HTTP/1.1" 200 18333
::1 - - [23/Nov/2019:18:41:59 +0100] "GET /phpmyadmin/themes/dot.gif HTTP/1.1" 200 43
::1 - - [23/Nov/2019:18:41:59 +0100] "GET /phpmyadmin/themes/pmahomme/img/logo_right.png HTTP/1.1" 200 4548
::1 - - [23/Nov/2019:18:41:59 +0100] "GET /phpmyadmin/favicon.ico HTTP/1.1" 200 18902
::1 - - [23/Nov/2019:18:41:59 +0100] "GET /phpmyadmin/themes/pmahomme/img/sprites.png HTTP/1.1" 200 61899
::1 - - [23/Nov/2019:18:42:11 +0100] "POST /phpmyadmin/index.php HTTP/1.1" 302 -
::1 - - [23/Nov/2019:18:42:11 +0100] "GET /phpmyadmin/index.php?token=04527149e381668f7252c1d487a41b14 HTTP/1.1" 200 47707
::1 - - [23/Nov/2019:18:42:11 +0100] "GET /phpmyadmin/themes/pmahomme/jquery/jquery-ui-1.9.2.custom.css HTTP/1.1" 304 -
::1 - - [23/Nov/2019:18:42:11 +0100] "GET /phpmyadmin/phpmyadmin.css.php?server=1&token=04527149e381668f7252c1d487a41b14&nocache=6298123751ltr HTTP/1.1" 200 88608
::1 - - [23/Nov/2019:18:42:17 +0100] "GET /phpmyadmin/js/messages.php?lang=es&db=&server=0&token=04527149e381668f7252c1d487a41b14 HTTP/1.1" 200 18333
::1 - - [23/Nov/2019:18:42:17 +0100] "GET /phpmyadmin/themes/pmahomme/img/logo_left.png HTTP/1.1" 200 2327
::1 - - [23/Nov/2019:18:42:17 +0100] "GET /phpmyadmin/themes/dot.gif HTTP/1.1" 304 -
::1 - - [23/Nov/2019:18:42:17 +0100] "GET /phpmyadmin/themes/pmahomme/img/sprites.png HTTP/1.1" 304 -
::1 - - [23/Nov/2019:18:42:17 +0100] "GET /phpmyadmin/themes/pmahomme/img/left_nav_bg.png HTTP/1.1" 200 297
::1 - - [23/Nov/2019:18:42:17 +0100] "GET /phpmyadmin/themes/pmahomme/img/ajax_clock_small.gif HTTP/1.1" 200 1810
::1 - - [23/Nov/2019:18:42:17 +0100] "GET /phpmyadmin/version_check.php?&_nocache=1574530937344241336 HTTP/1.1" 200 39
::1 - - [23/Nov/2019:18:42:23 +0100] "GET /phpmyadmin/server_databases.php?db=&token=04527149e381668f7252c1d487a41b14&ajax_request=true&ajax_page_request=true&menuHashes=a0f6db02&_nocache=1574530943465329630 HTTP/1.1" 200 39985
::1 - - [23/Nov/2019:18:42:23 +0100] "GET /phpmyadmin/themes/pmahomme/img/arrow_ltr.png HTTP/1.1" 200 139
::1 - - [23/Nov/2019:18:42:23 +0100] "GET /phpmyadmin/js/get_scripts.js.php?scripts[]=server_databases.js HTTP/1.1" 200 1818
::1 - - [23/Nov/2019:18:43:29 +0100] "POST /phpmyadmin/db_create.php HTTP/1.1" 200 3323
::1 - - [23/Nov/2019:18:43:29 +0100] "POST /phpmyadmin/navigation.php?ajax_request=1&token=04527149e381668f7252c1d487a41b14 HTTP/1.1" 200 1310
::1 - - [23/Nov/2019:18:43:33 +0100] "GET /phpmyadmin/db_structure.php?db=scriptlounge&token=04527149e381668f7252c1d487a41b14&db=scriptlounge&ajax_request=true&ajax_page_request=true&menuHashes=a0f6db02-381bdeca&_nocache=1574531013878145155 HTTP/1.1" 200 5731
::1 - - [23/Nov/2019:18:43:34 +0100] "GET /phpmyadmin/js/get_scripts.js.php?scripts[]=db_structure.js&scripts[]=tbl_change.js HTTP/1.1" 200 12382
::1 - - [23/Nov/2019:18:47:51 +0100] "POST /phpmyadmin/tbl_create.php HTTP/1.1" 200 163333
::1 - - [23/Nov/2019:18:47:51 +0100] "GET /phpmyadmin/index.php?ajax_request=1&recent_table=1&token=04527149e381668f7252c1d487a41b14 HTTP/1.1" 200 223
::1 - - [23/Nov/2019:18:52:55 +0100] "GET /phpmyadmin/ HTTP/1.1" 200 48394
::1 - - [23/Nov/2019:18:52:56 +0100] "GET /phpmyadmin/themes/pmahomme/jquery/jquery-ui-1.9.2.custom.css HTTP/1.1" 304 -
::1 - - [23/Nov/2019:18:52:56 +0100] "GET /phpmyadmin/themes/pmahomme/img/logo_left.png HTTP/1.1" 200 2327
::1 - - [23/Nov/2019:18:52:56 +0100] "GET /phpmyadmin/themes/dot.gif HTTP/1.1" 200 43
::1 - - [23/Nov/2019:18:52:56 +0100] "GET /phpmyadmin/themes/pmahomme/img/ajax_clock_small.gif HTTP/1.1" 200 1810
::1 - - [23/Nov/2019:18:52:56 +0100] "GET /phpmyadmin/phpmyadmin.css.php?server=1&token=04527149e381668f7252c1d487a41b14&nocache=6298123751ltr HTTP/1.1" 200 18575
::1 - - [23/Nov/2019:18:52:56 +0100] "GET /phpmyadmin/themes/pmahomme/img/left_nav_bg.png HTTP/1.1" 200 297
::1 - - [23/Nov/2019:18:52:56 +0100] "GET /phpmyadmin/themes/pmahomme/img/sprites.png HTTP/1.1" 200 61899
::1 - - [23/Nov/2019:18:52:56 +0100] "GET /phpmyadmin/favicon.ico HTTP/1.1" 200 18902
::1 - - [23/Nov/2019:18:52:56 +0100] "GET /phpmyadmin/js/messages.php?lang=es&db=&server=0&token=04527149e381668f7252c1d487a41b14 HTTP/1.1" 200 16545
::1 - - [23/Nov/2019:18:52:56 +0100] "GET /phpmyadmin/version_check.php?&_nocache=1574531576358305129 HTTP/1.1" 200 39
::1 - - [23/Nov/2019:19:41:12 +0100] "GET / HTTP/1.1" 200 327
::1 - - [23/Nov/2019:19:41:12 +0100] "GET /favicon.ico HTTP/1.1" 404 209
::1 - - [23/Nov/2019:19:41:15 +0100] "GET /apirest.php HTTP/1.1" 200 -
::1 - - [23/Nov/2019:19:41:56 +0100] "GET /apirest.php HTTP/1.1" 200 -
::1 - - [23/Nov/2019:19:41:56 +0100] "GET /favicon.ico HTTP/1.1" 404 209
::1 - - [23/Nov/2019:21:44:34 +0100] "GET / HTTP/1.1" 200 279
::1 - - [23/Nov/2019:21:44:34 +0100] "GET /favicon.ico HTTP/1.1" 404 209
::1 - - [23/Nov/2019:21:44:37 +0100] "GET /mainpage.html HTTP/1.1" 200 4252
::1 - - [23/Nov/2019:21:44:37 +0100] "GET /css/bootstrap.css HTTP/1.1" 200 192348
::1 - - [23/Nov/2019:21:44:37 +0100] "GET /js/graphs.js HTTP/1.1" 200 2760
::1 - - [23/Nov/2019:21:44:37 +0100] "GET /js/bootstrap.min.js HTTP/1.1" 200 58072
::1 - - [23/Nov/2019:21:44:37 +0100] "GET /js/jquery-3.4.1.min.js HTTP/1.1" 200 88145
::1 - - [23/Nov/2019:21:44:37 +0100] "GET /js/Chart.js HTTP/1.1" 200 428366
::1 - - [23/Nov/2019:21:45:44 +0100] "GET /mainpage.html HTTP/1.1" 304 -
::1 - - [23/Nov/2019:21:45:44 +0100] "GET /css/bootstrap.css HTTP/1.1" 304 -
::1 - - [23/Nov/2019:21:45:44 +0100] "GET /js/jquery-3.4.1.min.js HTTP/1.1" 304 -
::1 - - [23/Nov/2019:21:45:44 +0100] "GET /js/bootstrap.min.js HTTP/1.1" 304 -
::1 - - [23/Nov/2019:21:45:44 +0100] "GET /js/Chart.js HTTP/1.1" 304 -
::1 - - [23/Nov/2019:21:45:44 +0100] "GET /js/graphs.js HTTP/1.1" 200 3452
::1 - - [23/Nov/2019:21:45:44 +0100] "GET /js/Chart.js HTTP/1.1" 304 -
::1 - - [23/Nov/2019:21:45:47 +0100] "GET /mainpage.html HTTP/1.1" 200 4252
::1 - - [23/Nov/2019:21:45:47 +0100] "GET /css/bootstrap.css HTTP/1.1" 200 192348
::1 - - [23/Nov/2019:21:45:47 +0100] "GET /js/jquery-3.4.1.min.js HTTP/1.1" 200 88145
::1 - - [23/Nov/2019:21:45:47 +0100] "GET /js/bootstrap.min.js HTTP/1.1" 200 58072
::1 - - [23/Nov/2019:21:45:47 +0100] "GET /js/graphs.js HTTP/1.1" 200 3452
::1 - - [23/Nov/2019:21:45:47 +0100] "GET /js/Chart.js HTTP/1.1" 200 428366
::1 - - [23/Nov/2019:21:45:47 +0100] "GET /js/Chart.js HTTP/1.1" 200 428366
::1 - - [23/Nov/2019:21:45:47 +0100] "GET /favicon.ico HTTP/1.1" 404 209
::1 - - [23/Nov/2019:21:46:32 +0100] "GET /mainpage.html HTTP/1.1" 200 4252
::1 - - [23/Nov/2019:21:46:32 +0100] "GET /css/bootstrap.css HTTP/1.1" 200 192348
::1 - - [23/Nov/2019:21:46:32 +0100] "GET /js/jquery-3.4.1.min.js HTTP/1.1" 200 88145
::1 - - [23/Nov/2019:21:46:32 +0100] "GET /js/bootstrap.min.js HTTP/1.1" 200 58072
::1 - - [23/Nov/2019:21:46:32 +0100] "GET /js/Chart.js HTTP/1.1" 200 428366
::1 - - [23/Nov/2019:21:46:32 +0100] "GET /js/graphs.js HTTP/1.1" 200 3452
::1 - - [23/Nov/2019:21:46:32 +0100] "GET /js/Chart.js HTTP/1.1" 200 428366
::1 - - [23/Nov/2019:21:46:32 +0100] "GET /favicon.ico HTTP/1.1" 404 209
::1 - - [23/Nov/2019:21:50:13 +0100] "GET /mainpage.html HTTP/1.1" 200 4252
::1 - - [23/Nov/2019:21:50:13 +0100] "GET /css/bootstrap.css HTTP/1.1" 200 192348
::1 - - [23/Nov/2019:21:50:13 +0100] "GET /js/jquery-3.4.1.min.js HTTP/1.1" 200 88145
::1 - - [23/Nov/2019:21:50:13 +0100] "GET /js/bootstrap.min.js HTTP/1.1" 200 58072
::1 - - [23/Nov/2019:21:50:13 +0100] "GET /js/Chart.js HTTP/1.1" 200 428366
::1 - - [23/Nov/2019:21:50:13 +0100] "GET /js/graphs.js HTTP/1.1" 200 2760
::1 - - [23/Nov/2019:21:50:14 +0100] "GET /js/Chart.js HTTP/1.1" 200 428366
::1 - - [23/Nov/2019:21:50:14 +0100] "GET /favicon.ico HTTP/1.1" 404 209
::1 - - [23/Nov/2019:21:51:42 +0100] "GET /mainpage.html HTTP/1.1" 200 4252
::1 - - [23/Nov/2019:21:51:42 +0100] "GET /css/bootstrap.css HTTP/1.1" 200 192348
::1 - - [23/Nov/2019:21:51:42 +0100] "GET /js/jquery-3.4.1.min.js HTTP/1.1" 200 88145
::1 - - [23/Nov/2019:21:51:42 +0100] "GET /js/Chart.js HTTP/1.1" 200 428366
::1 - - [23/Nov/2019:21:51:42 +0100] "GET /js/bootstrap.min.js HTTP/1.1" 200 58072
::1 - - [23/Nov/2019:21:51:42 +0100] "GET /js/graphs.js HTTP/1.1" 200 3107
::1 - - [23/Nov/2019:21:51:42 +0100] "GET /js/Chart.js HTTP/1.1" 200 428366
::1 - - [23/Nov/2019:21:51:42 +0100] "GET /favicon.ico HTTP/1.1" 404 209
::1 - - [23/Nov/2019:21:52:57 +0100] "GET /mainpage.html HTTP/1.1" 200 4252
::1 - - [23/Nov/2019:21:52:57 +0100] "GET /css/bootstrap.css HTTP/1.1" 200 192348
::1 - - [23/Nov/2019:21:52:57 +0100] "GET /js/jquery-3.4.1.min.js HTTP/1.1" 200 88145
::1 - - [23/Nov/2019:21:52:57 +0100] "GET /js/bootstrap.min.js HTTP/1.1" 200 58072
::1 - - [23/Nov/2019:21:52:57 +0100] "GET /js/Chart.js HTTP/1.1" 200 428366
::1 - - [23/Nov/2019:21:52:57 +0100] "GET /js/graphs.js HTTP/1.1" 200 3134
::1 - - [23/Nov/2019:21:52:58 +0100] "GET /js/Chart.js HTTP/1.1" 200 428366
::1 - - [23/Nov/2019:21:52:58 +0100] "GET /favicon.ico HTTP/1.1" 404 209
::1 - - [23/Nov/2019:21:53:29 +0100] "GET /mainpage.html HTTP/1.1" 200 4252
::1 - - [23/Nov/2019:21:53:29 +0100] "GET /css/bootstrap.css HTTP/1.1" 200 192348
::1 - - [23/Nov/2019:21:53:29 +0100] "GET /js/jquery-3.4.1.min.js HTTP/1.1" 200 88145
::1 - - [23/Nov/2019:21:53:29 +0100] "GET /js/Chart.js HTTP/1.1" 200 428366
::1 - - [23/Nov/2019:21:53:29 +0100] "GET /js/bootstrap.min.js HTTP/1.1" 200 58072
::1 - - [23/Nov/2019:21:53:29 +0100] "GET /js/graphs.js HTTP/1.1" 200 3146
::1 - - [23/Nov/2019:21:53:30 +0100] "GET /js/Chart.js HTTP/1.1" 200 428366
::1 - - [23/Nov/2019:21:53:30 +0100] "GET /favicon.ico HTTP/1.1" 404 209
::1 - - [23/Nov/2019:21:59:05 +0100] "GET /mainpage.html HTTP/1.1" 200 4252
::1 - - [23/Nov/2019:21:59:05 +0100] "GET /css/bootstrap.css HTTP/1.1" 200 192348
::1 - - [23/Nov/2019:21:59:05 +0100] "GET /js/jquery-3.4.1.min.js HTTP/1.1" 200 88145
::1 - - [23/Nov/2019:21:59:05 +0100] "GET /js/bootstrap.min.js HTTP/1.1" 200 58072
::1 - - [23/Nov/2019:21:59:05 +0100] "GET /js/Chart.js HTTP/1.1" 200 428366
::1 - - [23/Nov/2019:21:59:05 +0100] "GET /js/graphs.js HTTP/1.1" 200 3271
::1 - - [23/Nov/2019:21:59:05 +0100] "GET /js/Chart.js HTTP/1.1" 200 428366
::1 - - [23/Nov/2019:21:59:05 +0100] "GET /favicon.ico HTTP/1.1" 404 209
::1 - - [23/Nov/2019:22:00:13 +0100] "GET /mainpage.html HTTP/1.1" 200 4252
::1 - - [23/Nov/2019:22:00:13 +0100] "GET /css/bootstrap.css HTTP/1.1" 200 192348
::1 - - [23/Nov/2019:22:00:13 +0100] "GET /js/jquery-3.4.1.min.js HTTP/1.1" 200 88145
::1 - - [23/Nov/2019:22:00:13 +0100] "GET /js/graphs.js HTTP/1.1" 200 3271
::1 - - [23/Nov/2019:22:00:13 +0100] "GET /js/bootstrap.min.js HTTP/1.1" 200 58072
::1 - - [23/Nov/2019:22:00:13 +0100] "GET /js/Chart.js HTTP/1.1" 200 428366
::1 - - [23/Nov/2019:22:00:13 +0100] "GET /js/Chart.js HTTP/1.1" 200 428366
::1 - - [23/Nov/2019:22:00:14 +0100] "GET /favicon.ico HTTP/1.1" 404 209
::1 - - [23/Nov/2019:22:01:05 +0100] "GET /mainpage.html HTTP/1.1" 200 4252
::1 - - [23/Nov/2019:22:01:05 +0100] "GET /css/bootstrap.css HTTP/1.1" 200 192348
::1 - - [23/Nov/2019:22:01:05 +0100] "GET /js/jquery-3.4.1.min.js HTTP/1.1" 200 88145
::1 - - [23/Nov/2019:22:01:05 +0100] "GET /js/Chart.js HTTP/1.1" 200 428366
::1 - - [23/Nov/2019:22:01:05 +0100] "GET /js/bootstrap.min.js HTTP/1.1" 200 58072
::1 - - [23/Nov/2019:22:01:05 +0100] "GET /js/graphs.js HTTP/1.1" 200 3271
::1 - - [23/Nov/2019:22:01:05 +0100] "GET /js/Chart.js HTTP/1.1" 200 428366
::1 - - [23/Nov/2019:22:01:05 +0100] "GET /favicon.ico HTTP/1.1" 404 209
::1 - - [23/Nov/2019:22:03:58 +0100] "GET /mainpage.html HTTP/1.1" 200 4262
::1 - - [23/Nov/2019:22:03:58 +0100] "GET /css/bootstrap.css HTTP/1.1" 200 192348
::1 - - [23/Nov/2019:22:03:58 +0100] "GET /js/jquery-3.4.1.min.js HTTP/1.1" 200 88145
::1 - - [23/Nov/2019:22:03:58 +0100] "GET /js/graphs.js HTTP/1.1" 200 3271
::1 - - [23/Nov/2019:22:03:58 +0100] "GET /js/bootstrap.min.js HTTP/1.1" 200 58072
::1 - - [23/Nov/2019:22:03:58 +0100] "GET /js/Chart.js HTTP/1.1" 200 428366
::1 - - [23/Nov/2019:22:03:58 +0100] "GET /js/Chart.js HTTP/1.1" 200 428366
::1 - - [23/Nov/2019:22:03:58 +0100] "GET /favicon.ico HTTP/1.1" 404 209
::1 - - [23/Nov/2019:22:04:14 +0100] "GET /mainpage.html HTTP/1.1" 200 4252
::1 - - [23/Nov/2019:22:04:14 +0100] "GET /css/bootstrap.css HTTP/1.1" 200 192348
::1 - - [23/Nov/2019:22:04:14 +0100] "GET /js/jquery-3.4.1.min.js HTTP/1.1" 200 88145
::1 - - [23/Nov/2019:22:04:14 +0100] "GET /js/bootstrap.min.js HTTP/1.1" 200 58072
::1 - - [23/Nov/2019:22:04:14 +0100] "GET /js/graphs.js HTTP/1.1" 200 3271
::1 - - [23/Nov/2019:22:04:14 +0100] "GET /js/Chart.js HTTP/1.1" 200 428366
::1 - - [23/Nov/2019:22:04:14 +0100] "GET /js/Chart.js HTTP/1.1" 200 428366
::1 - - [23/Nov/2019:22:04:14 +0100] "GET /favicon.ico HTTP/1.1" 404 209
::1 - - [23/Nov/2019:22:04:30 +0100] "GET /mainpage.html HTTP/1.1" 200 4252
::1 - - [23/Nov/2019:22:04:31 +0100] "GET /css/bootstrap.css HTTP/1.1" 200 192348
::1 - - [23/Nov/2019:22:04:31 +0100] "GET /js/jquery-3.4.1.min.js HTTP/1.1" 200 88145
::1 - - [23/Nov/2019:22:04:31 +0100] "GET /js/bootstrap.min.js HTTP/1.1" 200 58072
::1 - - [23/Nov/2019:22:04:31 +0100] "GET /js/graphs.js HTTP/1.1" 200 3271
::1 - - [23/Nov/2019:22:04:31 +0100] "GET /js/Chart.js HTTP/1.1" 200 428366
::1 - - [23/Nov/2019:22:04:31 +0100] "GET /js/Chart.js HTTP/1.1" 200 428366
::1 - - [23/Nov/2019:22:04:31 +0100] "GET /favicon.ico HTTP/1.1" 404 209
::1 - - [23/Nov/2019:22:04:53 +0100] "GET /mainpage.html HTTP/1.1" 200 4252
::1 - - [23/Nov/2019:22:04:53 +0100] "GET /css/bootstrap.css HTTP/1.1" 200 192348
::1 - - [23/Nov/2019:22:04:53 +0100] "GET /js/Chart.js HTTP/1.1" 200 428366
::1 - - [23/Nov/2019:22:04:53 +0100] "GET /js/graphs.js HTTP/1.1" 200 3271
::1 - - [23/Nov/2019:22:04:53 +0100] "GET /js/bootstrap.min.js HTTP/1.1" 200 58072
::1 - - [23/Nov/2019:22:04:53 +0100] "GET /js/jquery-3.4.1.min.js HTTP/1.1" 200 88145
::1 - - [23/Nov/2019:22:04:53 +0100] "GET /js/Chart.js HTTP/1.1" 200 428366
::1 - - [23/Nov/2019:22:04:53 +0100] "GET /favicon.ico HTTP/1.1" 404 209
::1 - - [23/Nov/2019:22:05:12 +0100] "GET /mainpage.html HTTP/1.1" 200 4252
::1 - - [23/Nov/2019:22:05:12 +0100] "GET /css/bootstrap.css HTTP/1.1" 200 192348
::1 - - [23/Nov/2019:22:05:12 +0100] "GET /js/jquery-3.4.1.min.js HTTP/1.1" 200 88145
::1 - - [23/Nov/2019:22:05:12 +0100] "GET /js/bootstrap.min.js HTTP/1.1" 200 58072
::1 - - [23/Nov/2019:22:05:12 +0100] "GET /js/graphs.js HTTP/1.1" 200 3271
::1 - - [23/Nov/2019:22:05:12 +0100] "GET /js/Chart.js HTTP/1.1" 200 428366
::1 - - [23/Nov/2019:22:05:13 +0100] "GET /js/Chart.js HTTP/1.1" 200 428366
::1 - - [23/Nov/2019:22:05:13 +0100] "GET /favicon.ico HTTP/1.1" 404 209
::1 - - [23/Nov/2019:22:07:47 +0100] "GET /mainpage.html HTTP/1.1" 200 4192
::1 - - [23/Nov/2019:22:07:47 +0100] "GET /css/bootstrap.css HTTP/1.1" 200 192348
::1 - - [23/Nov/2019:22:07:47 +0100] "GET /js/jquery-3.4.1.min.js HTTP/1.1" 200 88145
::1 - - [23/Nov/2019:22:07:47 +0100] "GET /js/graphs.js HTTP/1.1" 200 3271
::1 - - [23/Nov/2019:22:07:47 +0100] "GET /js/Chart.js HTTP/1.1" 200 428366
::1 - - [23/Nov/2019:22:07:47 +0100] "GET /js/bootstrap.min.js HTTP/1.1" 200 58072
::1 - - [23/Nov/2019:22:07:47 +0100] "GET /js/Chart.js HTTP/1.1" 200 428366
::1 - - [23/Nov/2019:22:07:47 +0100] "GET /favicon.ico HTTP/1.1" 404 209
::1 - - [23/Nov/2019:22:31:14 +0100] "GET /mainpage.html HTTP/1.1" 200 4190
::1 - - [23/Nov/2019:22:31:15 +0100] "GET /css/bootstrap.css HTTP/1.1" 200 192348
::1 - - [23/Nov/2019:22:31:15 +0100] "GET /js/jquery-3.4.1.min.js HTTP/1.1" 200 88145
::1 - - [23/Nov/2019:22:31:15 +0100] "GET /js/bootstrap.min.js HTTP/1.1" 200 58072
::1 - - [23/Nov/2019:22:31:15 +0100] "GET /js/Chart.js HTTP/1.1" 200 428366
::1 - - [23/Nov/2019:22:31:15 +0100] "GET /js/graphs.js HTTP/1.1" 200 5554
::1 - - [23/Nov/2019:22:31:15 +0100] "GET /js/Chart.js HTTP/1.1" 200 428366
::1 - - [23/Nov/2019:22:31:15 +0100] "GET /favicon.ico HTTP/1.1" 404 209
::1 - - [23/Nov/2019:22:36:57 +0100] "GET /mainpage.html HTTP/1.1" 200 4243
::1 - - [23/Nov/2019:22:36:57 +0100] "GET /css/bootstrap.css HTTP/1.1" 200 192348
::1 - - [23/Nov/2019:22:36:57 +0100] "GET /js/jquery-3.4.1.min.js HTTP/1.1" 200 88145
::1 - - [23/Nov/2019:22:36:57 +0100] "GET /js/bootstrap.min.js HTTP/1.1" 200 58072
::1 - - [23/Nov/2019:22:36:57 +0100] "GET /js/Chart.js HTTP/1.1" 200 428366
::1 - - [23/Nov/2019:22:36:57 +0100] "GET /js/graphs.js HTTP/1.1" 200 5594
::1 - - [23/Nov/2019:22:36:57 +0100] "GET /js/Chart.js HTTP/1.1" 200 428366
::1 - - [23/Nov/2019:22:36:57 +0100] "GET /favicon.ico HTTP/1.1" 404 209
::1 - - [23/Nov/2019:22:37:08 +0100] "GET /mainpage.html HTTP/1.1" 200 4243
::1 - - [23/Nov/2019:22:37:08 +0100] "GET /css/bootstrap.css HTTP/1.1" 200 192348
::1 - - [23/Nov/2019:22:37:08 +0100] "GET /js/jquery-3.4.1.min.js HTTP/1.1" 200 88145
::1 - - [23/Nov/2019:22:37:08 +0100] "GET /js/bootstrap.min.js HTTP/1.1" 200 58072
::1 - - [23/Nov/2019:22:37:08 +0100] "GET /js/Chart.js HTTP/1.1" 200 428366
::1 - - [23/Nov/2019:22:37:08 +0100] "GET /js/graphs.js HTTP/1.1" 200 5568
::1 - - [23/Nov/2019:22:37:09 +0100] "GET /js/Chart.js HTTP/1.1" 200 428366
::1 - - [23/Nov/2019:22:37:09 +0100] "GET /favicon.ico HTTP/1.1" 404 209
::1 - - [23/Nov/2019:22:39:50 +0100] "GET /mainpage.html HTTP/1.1" 200 4473
::1 - - [23/Nov/2019:22:39:50 +0100] "GET /css/bootstrap.css HTTP/1.1" 200 192348
::1 - - [23/Nov/2019:22:39:50 +0100] "GET /js/bootstrap.min.js HTTP/1.1" 200 58072
::1 - - [23/Nov/2019:22:39:50 +0100] "GET /js/jquery-3.4.1.min.js HTTP/1.1" 200 88145
::1 - - [23/Nov/2019:22:39:50 +0100] "GET /js/Chart.js HTTP/1.1" 200 428366
::1 - - [23/Nov/2019:22:39:50 +0100] "GET /js/graphs.js HTTP/1.1" 200 5447
::1 - - [23/Nov/2019:22:39:50 +0100] "GET /js/Chart.js HTTP/1.1" 200 428366
::1 - - [23/Nov/2019:22:39:50 +0100] "GET /favicon.ico HTTP/1.1" 404 209
::1 - - [23/Nov/2019:22:40:26 +0100] "GET /mainpage.html HTTP/1.1" 200 4508
::1 - - [23/Nov/2019:22:40:26 +0100] "GET /css/bootstrap.css HTTP/1.1" 200 192348
::1 - - [23/Nov/2019:22:40:26 +0100] "GET /js/jquery-3.4.1.min.js HTTP/1.1" 200 88145
::1 - - [23/Nov/2019:22:40:26 +0100] "GET /js/graphs.js HTTP/1.1" 200 5447
::1 - - [23/Nov/2019:22:40:26 +0100] "GET /js/bootstrap.min.js HTTP/1.1" 200 58072
::1 - - [23/Nov/2019:22:40:26 +0100] "GET /js/Chart.js HTTP/1.1" 200 428366
::1 - - [23/Nov/2019:22:40:26 +0100] "GET /js/Chart.js HTTP/1.1" 200 428366
::1 - - [23/Nov/2019:22:40:26 +0100] "GET /favicon.ico HTTP/1.1" 404 209
::1 - - [24/Nov/2019:00:17:28 +0100] "GET /mainpage.html HTTP/1.1" 200 4526
::1 - - [24/Nov/2019:00:17:29 +0100] "GET /css/bootstrap.css HTTP/1.1" 200 192348
::1 - - [24/Nov/2019:00:17:29 +0100] "GET /js/jquery-3.4.1.min.js HTTP/1.1" 200 88145
::1 - - [24/Nov/2019:00:17:29 +0100] "GET /js/bootstrap.min.js HTTP/1.1" 200 58072
::1 - - [24/Nov/2019:00:17:29 +0100] "GET /js/Chart.js HTTP/1.1" 200 428366
::1 - - [24/Nov/2019:00:17:29 +0100] "GET /js/Chart.js HTTP/1.1" 200 428366
::1 - - [24/Nov/2019:00:17:29 +0100] "GET /js/graphs.js HTTP/1.1" 200 5807
::1 - - [24/Nov/2019:00:17:30 +0100] "GET /favicon.ico HTTP/1.1" 404 209
::1 - - [24/Nov/2019:01:00:44 +0100] "GET /mainpage.html HTTP/1.1" 200 4543
::1 - - [24/Nov/2019:01:00:47 +0100] "GET /js/graphs.js HTTP/1.1" 304 -
::1 - - [24/Nov/2019:01:00:47 +0100] "GET /js/bootstrap.min.js HTTP/1.1" 304 -
::1 - - [24/Nov/2019:01:00:47 +0100] "GET /css/bootstrap.css HTTP/1.1" 200 192348
::1 - - [24/Nov/2019:01:00:47 +0100] "GET /js/jquery-3.4.1.min.js HTTP/1.1" 200 88145
::1 - - [24/Nov/2019:01:00:47 +0100] "GET /js/Chart.js HTTP/1.1" 304 -
::1 - - [24/Nov/2019:01:00:47 +0100] "GET /js/Chart.js HTTP/1.1" 304 -
::1 - - [24/Nov/2019:01:00:47 +0100] "GET /favicon.ico HTTP/1.1" 404 209
::1 - - [24/Nov/2019:01:05:35 +0100] "GET /mainpage.html HTTP/1.1" 200 4452
::1 - - [24/Nov/2019:01:05:35 +0100] "GET /css/bootstrap.css HTTP/1.1" 200 192348
::1 - - [24/Nov/2019:01:05:35 +0100] "GET /js/jquery-3.4.1.min.js HTTP/1.1" 200 88145
::1 - - [24/Nov/2019:01:05:35 +0100] "GET /js/bootstrap.min.js HTTP/1.1" 200 58072
::1 - - [24/Nov/2019:01:05:35 +0100] "GET /js/graphs.js HTTP/1.1" 200 5807
::1 - - [24/Nov/2019:01:05:35 +0100] "GET /js/Chart.js HTTP/1.1" 200 428366
::1 - - [24/Nov/2019:01:05:41 +0100] "GET /favicon.ico HTTP/1.1" 404 209
::1 - - [24/Nov/2019:01:05:41 +0100] "GET /js/Chart.js HTTP/1.1" 200 428366
::1 - - [24/Nov/2019:01:06:31 +0100] "GET /mainpage.html HTTP/1.1" 200 4482
::1 - - [24/Nov/2019:01:06:31 +0100] "GET /css/bootstrap.css HTTP/1.1" 200 192348
::1 - - [24/Nov/2019:01:06:31 +0100] "GET /js/jquery-3.4.1.min.js HTTP/1.1" 200 88145
::1 - - [24/Nov/2019:01:06:31 +0100] "GET /js/graphs.js HTTP/1.1" 200 5807
::1 - - [24/Nov/2019:01:06:31 +0100] "GET /js/bootstrap.min.js HTTP/1.1" 200 58072
::1 - - [24/Nov/2019:01:06:31 +0100] "GET /js/Chart.js HTTP/1.1" 200 428366
::1 - - [24/Nov/2019:01:06:31 +0100] "GET /js/Chart.js HTTP/1.1" 200 428366
::1 - - [24/Nov/2019:01:06:31 +0100] "GET /favicon.ico HTTP/1.1" 404 209
::1 - - [24/Nov/2019:01:06:58 +0100] "GET /mainpage.html HTTP/1.1" 200 4488
::1 - - [24/Nov/2019:01:06:58 +0100] "GET /css/bootstrap.css HTTP/1.1" 200 192348
::1 - - [24/Nov/2019:01:06:58 +0100] "GET /js/jquery-3.4.1.min.js HTTP/1.1" 200 88145
::1 - - [24/Nov/2019:01:06:58 +0100] "GET /js/graphs.js HTTP/1.1" 200 5807
::1 - - [24/Nov/2019:01:06:58 +0100] "GET /js/bootstrap.min.js HTTP/1.1" 200 58072
::1 - - [24/Nov/2019:01:06:58 +0100] "GET /js/Chart.js HTTP/1.1" 200 428366
::1 - - [24/Nov/2019:01:06:59 +0100] "GET /js/Chart.js HTTP/1.1" 200 428366
::1 - - [24/Nov/2019:01:06:59 +0100] "GET /favicon.ico HTTP/1.1" 404 209
::1 - - [24/Nov/2019:01:08:03 +0100] "GET /mainpage.html HTTP/1.1" 200 4517
::1 - - [24/Nov/2019:01:08:03 +0100] "GET /css/bootstrap.css HTTP/1.1" 200 192348
::1 - - [24/Nov/2019:01:08:03 +0100] "GET /js/jquery-3.4.1.min.js HTTP/1.1" 200 88145
::1 - - [24/Nov/2019:01:08:03 +0100] "GET /js/graphs.js HTTP/1.1" 200 5807
::1 - - [24/Nov/2019:01:08:03 +0100] "GET /js/bootstrap.min.js HTTP/1.1" 200 58072
::1 - - [24/Nov/2019:01:08:03 +0100] "GET /js/Chart.js HTTP/1.1" 200 428366
::1 - - [24/Nov/2019:01:08:03 +0100] "GET /js/Chart.js HTTP/1.1" 200 428366
::1 - - [24/Nov/2019:01:08:03 +0100] "GET /favicon.ico HTTP/1.1" 404 209
::1 - - [24/Nov/2019:01:08:22 +0100] "GET /mainpage.html HTTP/1.1" 200 4526
::1 - - [24/Nov/2019:01:08:22 +0100] "GET /css/bootstrap.css HTTP/1.1" 200 192348
::1 - - [24/Nov/2019:01:08:22 +0100] "GET /js/bootstrap.min.js HTTP/1.1" 200 58072
::1 - - [24/Nov/2019:01:08:22 +0100] "GET /js/jquery-3.4.1.min.js HTTP/1.1" 200 88145
::1 - - [24/Nov/2019:01:08:22 +0100] "GET /js/Chart.js HTTP/1.1" 200 428366
::1 - - [24/Nov/2019:01:08:22 +0100] "GET /js/graphs.js HTTP/1.1" 200 5807
::1 - - [24/Nov/2019:01:08:22 +0100] "GET /js/Chart.js HTTP/1.1" 200 428366
::1 - - [24/Nov/2019:01:08:22 +0100] "GET /favicon.ico HTTP/1.1" 404 209
::1 - - [24/Nov/2019:01:15:02 +0100] "GET /mainpage.html HTTP/1.1" 200 4557
::1 - - [24/Nov/2019:01:15:03 +0100] "GET /css/bootstrap.css HTTP/1.1" 200 192348
::1 - - [24/Nov/2019:01:15:03 +0100] "GET /js/jquery-3.4.1.min.js HTTP/1.1" 200 88145
::1 - - [24/Nov/2019:01:15:03 +0100] "GET /js/bootstrap.min.js HTTP/1.1" 200 58072
::1 - - [24/Nov/2019:01:15:03 +0100] "GET /js/graphs.js HTTP/1.1" 200 5807
::1 - - [24/Nov/2019:01:15:03 +0100] "GET /js/Chart.js HTTP/1.1" 200 428366
::1 - - [24/Nov/2019:01:15:03 +0100] "GET /js/Chart.js HTTP/1.1" 200 428366
::1 - - [24/Nov/2019:01:15:03 +0100] "GET /favicon.ico HTTP/1.1" 404 209
::1 - - [24/Nov/2019:01:15:42 +0100] "GET /mainpage.html HTTP/1.1" 200 4567
::1 - - [24/Nov/2019:01:15:42 +0100] "GET /css/bootstrap.css HTTP/1.1" 200 192348
::1 - - [24/Nov/2019:01:15:42 +0100] "GET /js/jquery-3.4.1.min.js HTTP/1.1" 200 88145
::1 - - [24/Nov/2019:01:15:42 +0100] "GET /js/bootstrap.min.js HTTP/1.1" 200 58072
::1 - - [24/Nov/2019:01:15:42 +0100] "GET /js/Chart.js HTTP/1.1" 200 428366
::1 - - [24/Nov/2019:01:15:42 +0100] "GET /js/graphs.js HTTP/1.1" 200 5807
::1 - - [24/Nov/2019:01:15:43 +0100] "GET /js/Chart.js HTTP/1.1" 200 428366
::1 - - [24/Nov/2019:01:15:43 +0100] "GET /favicon.ico HTTP/1.1" 404 209
::1 - - [24/Nov/2019:01:16:48 +0100] "GET /mainpage.html HTTP/1.1" 200 4565
::1 - - [24/Nov/2019:01:16:48 +0100] "GET /css/bootstrap.css HTTP/1.1" 200 192348
::1 - - [24/Nov/2019:01:16:48 +0100] "GET /js/jquery-3.4.1.min.js HTTP/1.1" 200 88145
::1 - - [24/Nov/2019:01:16:48 +0100] "GET /js/bootstrap.min.js HTTP/1.1" 200 58072
::1 - - [24/Nov/2019:01:16:48 +0100] "GET /js/Chart.js HTTP/1.1" 200 428366
::1 - - [24/Nov/2019:01:16:48 +0100] "GET /js/graphs.js HTTP/1.1" 200 5807
::1 - - [24/Nov/2019:01:16:49 +0100] "GET /js/Chart.js HTTP/1.1" 200 428366
::1 - - [24/Nov/2019:01:16:49 +0100] "GET /favicon.ico HTTP/1.1" 404 209
::1 - - [24/Nov/2019:01:17:15 +0100] "GET /mainpage.html HTTP/1.1" 200 4567
::1 - - [24/Nov/2019:01:17:15 +0100] "GET /css/bootstrap.css HTTP/1.1" 200 192348
::1 - - [24/Nov/2019:01:17:15 +0100] "GET /js/jquery-3.4.1.min.js HTTP/1.1" 200 88145
::1 - - [24/Nov/2019:01:17:15 +0100] "GET /js/bootstrap.min.js HTTP/1.1" 200 58072
::1 - - [24/Nov/2019:01:17:15 +0100] "GET /js/graphs.js HTTP/1.1" 200 5807
::1 - - [24/Nov/2019:01:17:15 +0100] "GET /js/Chart.js HTTP/1.1" 200 428366
::1 - - [24/Nov/2019:01:17:15 +0100] "GET /js/Chart.js HTTP/1.1" 200 428366
::1 - - [24/Nov/2019:01:17:15 +0100] "GET /favicon.ico HTTP/1.1" 404 209
::1 - - [24/Nov/2019:01:18:12 +0100] "GET /mainpage.html HTTP/1.1" 200 4574
::1 - - [24/Nov/2019:01:18:12 +0100] "GET /css/bootstrap.css HTTP/1.1" 200 192348
::1 - - [24/Nov/2019:01:18:12 +0100] "GET /js/jquery-3.4.1.min.js HTTP/1.1" 200 88145
::1 - - [24/Nov/2019:01:18:12 +0100] "GET /js/bootstrap.min.js HTTP/1.1" 200 58072
::1 - - [24/Nov/2019:01:18:12 +0100] "GET /js/graphs.js HTTP/1.1" 200 5807
::1 - - [24/Nov/2019:01:18:12 +0100] "GET /js/Chart.js HTTP/1.1" 200 428366
::1 - - [24/Nov/2019:01:18:12 +0100] "GET /js/Chart.js HTTP/1.1" 200 428366
::1 - - [24/Nov/2019:01:18:12 +0100] "GET /favicon.ico HTTP/1.1" 404 209
::1 - - [24/Nov/2019:01:18:43 +0100] "GET /mainpage.html HTTP/1.1" 200 4549
::1 - - [24/Nov/2019:01:18:43 +0100] "GET /css/bootstrap.css HTTP/1.1" 200 192348
::1 - - [24/Nov/2019:01:18:43 +0100] "GET /js/jquery-3.4.1.min.js HTTP/1.1" 200 88145
::1 - - [24/Nov/2019:01:18:43 +0100] "GET /js/graphs.js HTTP/1.1" 200 5807
::1 - - [24/Nov/2019:01:18:43 +0100] "GET /js/bootstrap.min.js HTTP/1.1" 200 58072
::1 - - [24/Nov/2019:01:18:43 +0100] "GET /js/Chart.js HTTP/1.1" 200 428366
::1 - - [24/Nov/2019:01:18:43 +0100] "GET /js/Chart.js HTTP/1.1" 200 428366
::1 - - [24/Nov/2019:01:18:43 +0100] "GET /favicon.ico HTTP/1.1" 404 209
::1 - - [24/Nov/2019:01:18:46 +0100] "GET /mainpage.html HTTP/1.1" 200 4549
::1 - - [24/Nov/2019:01:18:46 +0100] "GET /css/bootstrap.css HTTP/1.1" 200 192348
::1 - - [24/Nov/2019:01:18:46 +0100] "GET /js/jquery-3.4.1.min.js HTTP/1.1" 200 88145
::1 - - [24/Nov/2019:01:18:46 +0100] "GET /js/bootstrap.min.js HTTP/1.1" 200 58072
::1 - - [24/Nov/2019:01:18:46 +0100] "GET /js/graphs.js HTTP/1.1" 200 5807
::1 - - [24/Nov/2019:01:18:46 +0100] "GET /js/Chart.js HTTP/1.1" 200 428366
::1 - - [24/Nov/2019:01:18:46 +0100] "GET /js/Chart.js HTTP/1.1" 200 428366
::1 - - [24/Nov/2019:01:18:46 +0100] "GET /favicon.ico HTTP/1.1" 404 209
::1 - - [24/Nov/2019:01:19:02 +0100] "GET /mainpage.html HTTP/1.1" 200 4556
::1 - - [24/Nov/2019:01:19:02 +0100] "GET /css/bootstrap.css HTTP/1.1" 200 192348
::1 - - [24/Nov/2019:01:19:02 +0100] "GET /js/jquery-3.4.1.min.js HTTP/1.1" 200 88145
::1 - - [24/Nov/2019:01:19:02 +0100] "GET /js/graphs.js HTTP/1.1" 200 5807
::1 - - [24/Nov/2019:01:19:02 +0100] "GET /js/bootstrap.min.js HTTP/1.1" 200 58072
::1 - - [24/Nov/2019:01:19:02 +0100] "GET /js/Chart.js HTTP/1.1" 200 428366
::1 - - [24/Nov/2019:01:19:02 +0100] "GET /js/Chart.js HTTP/1.1" 200 428366
::1 - - [24/Nov/2019:01:19:02 +0100] "GET /favicon.ico HTTP/1.1" 404 209
::1 - - [24/Nov/2019:01:19:52 +0100] "GET /mainpage.html HTTP/1.1" 200 4550
::1 - - [24/Nov/2019:01:19:52 +0100] "GET /css/bootstrap.css HTTP/1.1" 200 192348
::1 - - [24/Nov/2019:01:19:52 +0100] "GET /js/bootstrap.min.js HTTP/1.1" 200 58072
::1 - - [24/Nov/2019:01:19:52 +0100] "GET /js/jquery-3.4.1.min.js HTTP/1.1" 200 88145
::1 - - [24/Nov/2019:01:19:52 +0100] "GET /js/graphs.js HTTP/1.1" 200 5807
::1 - - [24/Nov/2019:01:19:52 +0100] "GET /js/Chart.js HTTP/1.1" 200 428366
::1 - - [24/Nov/2019:01:19:53 +0100] "GET /js/Chart.js HTTP/1.1" 200 428366
::1 - - [24/Nov/2019:01:19:53 +0100] "GET /favicon.ico HTTP/1.1" 404 209
::1 - - [24/Nov/2019:01:20:53 +0100] "GET /mainpage.html HTTP/1.1" 200 4553
::1 - - [24/Nov/2019:01:20:53 +0100] "GET /css/bootstrap.css HTTP/1.1" 200 192348
::1 - - [24/Nov/2019:01:20:53 +0100] "GET /js/jquery-3.4.1.min.js HTTP/1.1" 200 88145
::1 - - [24/Nov/2019:01:20:53 +0100] "GET /js/bootstrap.min.js HTTP/1.1" 200 58072
::1 - - [24/Nov/2019:01:20:53 +0100] "GET /js/Chart.js HTTP/1.1" 200 428366
::1 - - [24/Nov/2019:01:20:53 +0100] "GET /js/graphs.js HTTP/1.1" 200 5807
::1 - - [24/Nov/2019:01:20:53 +0100] "GET /js/Chart.js HTTP/1.1" 200 428366
::1 - - [24/Nov/2019:01:20:53 +0100] "GET /favicon.ico HTTP/1.1" 404 209
::1 - - [24/Nov/2019:01:22:34 +0100] "GET /mainpage.html HTTP/1.1" 200 4512
::1 - - [24/Nov/2019:01:22:34 +0100] "GET /css/bootstrap.css HTTP/1.1" 200 192348
::1 - - [24/Nov/2019:01:22:34 +0100] "GET /js/jquery-3.4.1.min.js HTTP/1.1" 200 88145
::1 - - [24/Nov/2019:01:22:34 +0100] "GET /js/bootstrap.min.js HTTP/1.1" 200 58072
::1 - - [24/Nov/2019:01:22:34 +0100] "GET /js/graphs.js HTTP/1.1" 200 5807
::1 - - [24/Nov/2019:01:22:34 +0100] "GET /js/Chart.js HTTP/1.1" 200 428366
::1 - - [24/Nov/2019:01:22:34 +0100] "GET /js/Chart.js HTTP/1.1" 200 428366
::1 - - [24/Nov/2019:01:22:34 +0100] "GET /favicon.ico HTTP/1.1" 404 209
::1 - - [24/Nov/2019:01:23:04 +0100] "GET /mainpage.html HTTP/1.1" 200 4538
::1 - - [24/Nov/2019:01:23:04 +0100] "GET /css/bootstrap.css HTTP/1.1" 200 192348
::1 - - [24/Nov/2019:01:23:04 +0100] "GET /js/jquery-3.4.1.min.js HTTP/1.1" 200 88145
::1 - - [24/Nov/2019:01:23:04 +0100] "GET /js/bootstrap.min.js HTTP/1.1" 200 58072
::1 - - [24/Nov/2019:01:23:04 +0100] "GET /js/graphs.js HTTP/1.1" 200 5807
::1 - - [24/Nov/2019:01:23:04 +0100] "GET /js/Chart.js HTTP/1.1" 200 428366
::1 - - [24/Nov/2019:01:23:04 +0100] "GET /js/Chart.js HTTP/1.1" 200 428366
::1 - - [24/Nov/2019:01:23:04 +0100] "GET /favicon.ico HTTP/1.1" 404 209
::1 - - [24/Nov/2019:01:39:36 +0100] "GET / HTTP/1.1" 200 279
::1 - - [24/Nov/2019:01:39:40 +0100] "GET /mainpage.html HTTP/1.1" 304 -
::1 - - [24/Nov/2019:01:39:40 +0100] "GET /js/graphs.js HTTP/1.1" 304 -
::1 - - [24/Nov/2019:01:39:55 +0100] "GET /phpmyadmin/themes/pmahomme/jquery/jquery-ui-1.9.2.custom.css HTTP/1.1" 304 -
::1 - - [24/Nov/2019:01:39:51 +0100] "GET /phpmyadmin/ HTTP/1.1" 200 8172
::1 - - [24/Nov/2019:01:39:55 +0100] "GET /phpmyadmin/phpmyadmin.css.php?server=1&token=04527149e381668f7252c1d487a41b14&nocache=4723592820ltr HTTP/1.1" 200 88608
::1 - - [24/Nov/2019:01:39:55 +0100] "GET /phpmyadmin/js/messages.php?lang=es&db=&server=0&token=04527149e381668f7252c1d487a41b14 HTTP/1.1" 200 18333
::1 - - [24/Nov/2019:01:39:55 +0100] "GET /phpmyadmin/js/get_image.js.php?theme=pmahomme HTTP/1.1" 200 6263
::1 - - [24/Nov/2019:01:39:55 +0100] "GET /phpmyadmin/js/get_scripts.js.php?scripts[]=jquery/jquery-1.8.3.js&scripts[]=ajax.js&scripts[]=keyhandler.js&scripts[]=jquery/jquery-ui-1.9.2.custom.js&scripts[]=jquery/jquery.sprintf.js&scripts[]=jquery/jquery.cookie.js&scripts[]=jquery/jquery.mousewheel.js&scripts[]=jquery/jquery.event.drag-2.2.js&scripts[]=jquery/jquery-ui-timepicker-addon.js&scripts[]=jquery/jquery.ba-hashchange-1.3.js&scripts[]=jquery/jquery.debounce-1.0.5.js&scripts[]=jquery/jquery.menuResizer-1.0.js&scripts[]=rte.js&scripts[]=functions.js&scripts[]=navigation.js&scripts[]=indexes.js&scripts[]=common.js&scripts[]=codemirror/lib/codemirror.js&scripts[]=codemirror/mode/mysql/mysql.js HTTP/1.1" 200 578562
::1 - - [24/Nov/2019:01:39:57 +0100] "GET /phpmyadmin/themes/pmahomme/img/logo_right.png HTTP/1.1" 304 -
::1 - - [24/Nov/2019:01:39:57 +0100] "GET /phpmyadmin/themes/dot.gif HTTP/1.1" 304 -
::1 - - [24/Nov/2019:01:39:57 +0100] "GET /phpmyadmin/themes/pmahomme/img/sprites.png HTTP/1.1" 200 61899
::1 - - [24/Nov/2019:01:54:03 +0100] "GET /mainpage.html HTTP/1.1" 200 4578
::1 - - [24/Nov/2019:01:54:03 +0100] "GET /css/bootstrap.css HTTP/1.1" 200 192348
::1 - - [24/Nov/2019:01:54:03 +0100] "GET /js/jquery-3.4.1.min.js HTTP/1.1" 200 88145
::1 - - [24/Nov/2019:01:54:03 +0100] "GET /js/bootstrap.min.js HTTP/1.1" 200 58072
::1 - - [24/Nov/2019:01:54:03 +0100] "GET /js/graphs.js HTTP/1.1" 200 5807
::1 - - [24/Nov/2019:01:54:03 +0100] "GET /js/Chart.js HTTP/1.1" 200 428366
::1 - - [24/Nov/2019:01:54:04 +0100] "GET /js/Chart.js HTTP/1.1" 200 428366
::1 - - [24/Nov/2019:01:54:04 +0100] "GET /favicon.ico HTTP/1.1" 404 209
::1 - - [24/Nov/2019:01:54:05 +0100] "GET /mainpage.html HTTP/1.1" 200 4578
::1 - - [24/Nov/2019:01:54:05 +0100] "GET /css/bootstrap.css HTTP/1.1" 200 192348
::1 - - [24/Nov/2019:01:54:05 +0100] "GET /js/Chart.js HTTP/1.1" 200 428366
::1 - - [24/Nov/2019:01:54:05 +0100] "GET /js/bootstrap.min.js HTTP/1.1" 200 58072
::1 - - [24/Nov/2019:01:54:05 +0100] "GET /js/jquery-3.4.1.min.js HTTP/1.1" 200 88145
::1 - - [24/Nov/2019:01:54:05 +0100] "GET /js/graphs.js HTTP/1.1" 200 5807
::1 - - [24/Nov/2019:01:54:05 +0100] "GET /js/Chart.js HTTP/1.1" 200 428366
::1 - - [24/Nov/2019:01:54:05 +0100] "GET /favicon.ico HTTP/1.1" 404 209
::1 - - [24/Nov/2019:01:54:14 +0100] "GET /mainpage.html HTTP/1.1" 200 4578
::1 - - [24/Nov/2019:01:54:14 +0100] "GET /css/bootstrap.css HTTP/1.1" 200 192348
::1 - - [24/Nov/2019:01:54:14 +0100] "GET /js/jquery-3.4.1.min.js HTTP/1.1" 200 88145
::1 - - [24/Nov/2019:01:54:14 +0100] "GET /js/bootstrap.min.js HTTP/1.1" 200 58072
::1 - - [24/Nov/2019:01:54:14 +0100] "GET /js/graphs.js HTTP/1.1" 200 5807
::1 - - [24/Nov/2019:01:54:14 +0100] "GET /js/Chart.js HTTP/1.1" 200 428366
::1 - - [24/Nov/2019:01:54:15 +0100] "GET /js/Chart.js HTTP/1.1" 200 428366
::1 - - [24/Nov/2019:01:54:16 +0100] "GET /favicon.ico HTTP/1.1" 404 209
::1 - - [24/Nov/2019:01:54:31 +0100] "GET /mainpage.html HTTP/1.1" 200 4579
::1 - - [24/Nov/2019:01:54:31 +0100] "GET /css/bootstrap.css HTTP/1.1" 200 192348
::1 - - [24/Nov/2019:01:54:31 +0100] "GET /js/jquery-3.4.1.min.js HTTP/1.1" 200 88145
::1 - - [24/Nov/2019:01:54:31 +0100] "GET /js/bootstrap.min.js HTTP/1.1" 200 58072
::1 - - [24/Nov/2019:01:54:31 +0100] "GET /js/graphs.js HTTP/1.1" 200 5807
::1 - - [24/Nov/2019:01:54:31 +0100] "GET /js/Chart.js HTTP/1.1" 200 428366
::1 - - [24/Nov/2019:01:54:32 +0100] "GET /js/Chart.js HTTP/1.1" 200 428366
::1 - - [24/Nov/2019:01:54:32 +0100] "GET /favicon.ico HTTP/1.1" 404 209
::1 - - [24/Nov/2019:01:55:24 +0100] "GET /mainpage.html HTTP/1.1" 200 4556
::1 - - [24/Nov/2019:01:55:25 +0100] "GET /css/bootstrap.css HTTP/1.1" 200 192348
::1 - - [24/Nov/2019:01:55:25 +0100] "GET /js/jquery-3.4.1.min.js HTTP/1.1" 200 88145
::1 - - [24/Nov/2019:01:55:25 +0100] "GET /js/graphs.js HTTP/1.1" 200 5807
::1 - - [24/Nov/2019:01:55:25 +0100] "GET /js/Chart.js HTTP/1.1" 200 428366
::1 - - [24/Nov/2019:01:55:25 +0100] "GET /js/bootstrap.min.js HTTP/1.1" 200 58072
::1 - - [24/Nov/2019:01:55:25 +0100] "GET /js/Chart.js HTTP/1.1" 200 428366
::1 - - [24/Nov/2019:01:55:25 +0100] "GET /favicon.ico HTTP/1.1" 404 209
::1 - - [24/Nov/2019:01:56:57 +0100] "GET /mainpage.html HTTP/1.1" 200 3985
::1 - - [24/Nov/2019:01:56:57 +0100] "GET /css/bootstrap.css HTTP/1.1" 200 192348
::1 - - [24/Nov/2019:01:56:57 +0100] "GET /js/bootstrap.min.js HTTP/1.1" 200 58072
::1 - - [24/Nov/2019:01:56:57 +0100] "GET /js/jquery-3.4.1.min.js HTTP/1.1" 200 88145
::1 - - [24/Nov/2019:01:56:57 +0100] "GET /js/graphs.js HTTP/1.1" 200 5807
::1 - - [24/Nov/2019:01:56:57 +0100] "GET /js/Chart.js HTTP/1.1" 200 428366
::1 - - [24/Nov/2019:01:56:57 +0100] "GET /js/Chart.js HTTP/1.1" 200 428366
::1 - - [24/Nov/2019:01:56:57 +0100] "GET /favicon.ico HTTP/1.1" 404 209
::1 - - [24/Nov/2019:01:57:51 +0100] "GET /mainpage.html HTTP/1.1" 200 3950
::1 - - [24/Nov/2019:01:57:51 +0100] "GET /css/bootstrap.css HTTP/1.1" 200 192348
::1 - - [24/Nov/2019:01:57:51 +0100] "GET /js/jquery-3.4.1.min.js HTTP/1.1" 200 88145
::1 - - [24/Nov/2019:01:57:51 +0100] "GET /js/graphs.js HTTP/1.1" 200 5807
::1 - - [24/Nov/2019:01:57:51 +0100] "GET /js/bootstrap.min.js HTTP/1.1" 200 58072
::1 - - [24/Nov/2019:01:57:51 +0100] "GET /js/Chart.js HTTP/1.1" 200 428366
::1 - - [24/Nov/2019:01:57:51 +0100] "GET /js/Chart.js HTTP/1.1" 200 428366
::1 - - [24/Nov/2019:01:57:51 +0100] "GET /favicon.ico HTTP/1.1" 404 209
::1 - - [24/Nov/2019:01:58:27 +0100] "GET /mainpage.html HTTP/1.1" 200 3939
::1 - - [24/Nov/2019:01:58:27 +0100] "GET /css/bootstrap.css HTTP/1.1" 200 192348
::1 - - [24/Nov/2019:01:58:27 +0100] "GET /js/jquery-3.4.1.min.js HTTP/1.1" 200 88145
::1 - - [24/Nov/2019:01:58:27 +0100] "GET /js/graphs.js HTTP/1.1" 200 5807
::1 - - [24/Nov/2019:01:58:27 +0100] "GET /js/Chart.js HTTP/1.1" 200 428366
::1 - - [24/Nov/2019:01:58:27 +0100] "GET /js/bootstrap.min.js HTTP/1.1" 200 58072
::1 - - [24/Nov/2019:01:58:27 +0100] "GET /js/Chart.js HTTP/1.1" 200 428366
::1 - - [24/Nov/2019:01:58:27 +0100] "GET /favicon.ico HTTP/1.1" 404 209
::1 - - [24/Nov/2019:01:58:34 +0100] "GET /mainpage.html HTTP/1.1" 200 3950
::1 - - [24/Nov/2019:01:58:34 +0100] "GET /css/bootstrap.css HTTP/1.1" 200 192348
::1 - - [24/Nov/2019:01:58:34 +0100] "GET /js/jquery-3.4.1.min.js HTTP/1.1" 200 88145
::1 - - [24/Nov/2019:01:58:34 +0100] "GET /js/Chart.js HTTP/1.1" 200 428366
::1 - - [24/Nov/2019:01:58:34 +0100] "GET /js/bootstrap.min.js HTTP/1.1" 200 58072
::1 - - [24/Nov/2019:01:58:34 +0100] "GET /js/graphs.js HTTP/1.1" 200 5807
::1 - - [24/Nov/2019:01:58:34 +0100] "GET /js/Chart.js HTTP/1.1" 200 428366
::1 - - [24/Nov/2019:01:58:35 +0100] "GET /favicon.ico HTTP/1.1" 404 209
::1 - - [24/Nov/2019:01:58:50 +0100] "GET /mainpage.html HTTP/1.1" 200 3959
::1 - - [24/Nov/2019:01:58:50 +0100] "GET /css/bootstrap.css HTTP/1.1" 200 192348
::1 - - [24/Nov/2019:01:58:50 +0100] "GET /js/jquery-3.4.1.min.js HTTP/1.1" 200 88145
::1 - - [24/Nov/2019:01:58:50 +0100] "GET /js/bootstrap.min.js HTTP/1.1" 200 58072
::1 - - [24/Nov/2019:01:58:50 +0100] "GET /js/graphs.js HTTP/1.1" 200 5807
::1 - - [24/Nov/2019:01:58:50 +0100] "GET /js/Chart.js HTTP/1.1" 200 428366
::1 - - [24/Nov/2019:01:58:50 +0100] "GET /js/Chart.js HTTP/1.1" 200 428366
::1 - - [24/Nov/2019:01:58:50 +0100] "GET /favicon.ico HTTP/1.1" 404 209
::1 - - [24/Nov/2019:01:59:02 +0100] "GET /mainpage.html HTTP/1.1" 200 3970
::1 - - [24/Nov/2019:01:59:02 +0100] "GET /css/bootstrap.css HTTP/1.1" 200 192348
::1 - - [24/Nov/2019:01:59:02 +0100] "GET /js/jquery-3.4.1.min.js HTTP/1.1" 200 88145
::1 - - [24/Nov/2019:01:59:02 +0100] "GET /js/Chart.js HTTP/1.1" 200 428366
::1 - - [24/Nov/2019:01:59:02 +0100] "GET /js/graphs.js HTTP/1.1" 200 5807
::1 - - [24/Nov/2019:01:59:02 +0100] "GET /js/bootstrap.min.js HTTP/1.1" 200 58072
::1 - - [24/Nov/2019:01:59:03 +0100] "GET /js/Chart.js HTTP/1.1" 200 428366
::1 - - [24/Nov/2019:01:59:03 +0100] "GET /favicon.ico HTTP/1.1" 404 209
::1 - - [24/Nov/2019:01:59:16 +0100] "GET /mainpage.html HTTP/1.1" 200 3959
::1 - - [24/Nov/2019:01:59:16 +0100] "GET /css/bootstrap.css HTTP/1.1" 200 192348
::1 - - [24/Nov/2019:01:59:16 +0100] "GET /js/jquery-3.4.1.min.js HTTP/1.1" 200 88145
::1 - - [24/Nov/2019:01:59:16 +0100] "GET /js/bootstrap.min.js HTTP/1.1" 200 58072
::1 - - [24/Nov/2019:01:59:16 +0100] "GET /js/graphs.js HTTP/1.1" 200 5807
::1 - - [24/Nov/2019:01:59:16 +0100] "GET /js/Chart.js HTTP/1.1" 200 428366
::1 - - [24/Nov/2019:01:59:16 +0100] "GET /js/Chart.js HTTP/1.1" 200 428366
::1 - - [24/Nov/2019:01:59:16 +0100] "GET /favicon.ico HTTP/1.1" 404 209
::1 - - [24/Nov/2019:02:02:47 +0100] "GET /mainpage.html HTTP/1.1" 200 4009
::1 - - [24/Nov/2019:02:02:47 +0100] "GET /css/bootstrap.css HTTP/1.1" 200 192348
::1 - - [24/Nov/2019:02:02:47 +0100] "GET /js/graphs.js HTTP/1.1" 200 5807
::1 - - [24/Nov/2019:02:02:47 +0100] "GET /js/bootstrap.min.js HTTP/1.1" 200 58072
::1 - - [24/Nov/2019:02:02:47 +0100] "GET /js/Chart.js HTTP/1.1" 200 428366
::1 - - [24/Nov/2019:02:02:47 +0100] "GET /js/jquery-3.4.1.min.js HTTP/1.1" 200 88145
::1 - - [24/Nov/2019:02:02:47 +0100] "GET /js/Chart.js HTTP/1.1" 200 428366
::1 - - [24/Nov/2019:02:02:47 +0100] "GET /favicon.ico HTTP/1.1" 404 209
::1 - - [24/Nov/2019:02:04:26 +0100] "GET /mainpage.html HTTP/1.1" 200 4021
::1 - - [24/Nov/2019:02:04:26 +0100] "GET /css/bootstrap.css HTTP/1.1" 200 192348
::1 - - [24/Nov/2019:02:04:26 +0100] "GET /js/jquery-3.4.1.min.js HTTP/1.1" 200 88145
::1 - - [24/Nov/2019:02:04:26 +0100] "GET /js/bootstrap.min.js HTTP/1.1" 200 58072
::1 - - [24/Nov/2019:02:04:26 +0100] "GET /js/Chart.js HTTP/1.1" 200 428366
::1 - - [24/Nov/2019:02:04:26 +0100] "GET /js/graphs.js HTTP/1.1" 200 5807
::1 - - [24/Nov/2019:02:04:26 +0100] "GET /js/Chart.js HTTP/1.1" 200 428366
::1 - - [24/Nov/2019:02:04:26 +0100] "GET /favicon.ico HTTP/1.1" 404 209
::1 - - [24/Nov/2019:02:05:00 +0100] "GET /mainpage.html HTTP/1.1" 200 4036
::1 - - [24/Nov/2019:02:05:00 +0100] "GET /css/bootstrap.css HTTP/1.1" 200 192348
::1 - - [24/Nov/2019:02:05:00 +0100] "GET /js/jquery-3.4.1.min.js HTTP/1.1" 200 88145
::1 - - [24/Nov/2019:02:05:00 +0100] "GET /js/bootstrap.min.js HTTP/1.1" 200 58072
::1 - - [24/Nov/2019:02:05:00 +0100] "GET /js/graphs.js HTTP/1.1" 200 5807
::1 - - [24/Nov/2019:02:05:00 +0100] "GET /js/Chart.js HTTP/1.1" 200 428366
::1 - - [24/Nov/2019:02:05:00 +0100] "GET /js/Chart.js HTTP/1.1" 200 428366
::1 - - [24/Nov/2019:02:05:00 +0100] "GET /favicon.ico HTTP/1.1" 404 209
::1 - - [24/Nov/2019:02:07:37 +0100] "GET /mainpage.html HTTP/1.1" 200 4055
::1 - - [24/Nov/2019:02:07:37 +0100] "GET /css/bootstrap.css HTTP/1.1" 200 192348
::1 - - [24/Nov/2019:02:07:37 +0100] "GET /js/jquery-3.4.1.min.js HTTP/1.1" 200 88145
::1 - - [24/Nov/2019:02:07:37 +0100] "GET /js/graphs.js HTTP/1.1" 200 5807
::1 - - [24/Nov/2019:02:07:37 +0100] "GET /js/bootstrap.min.js HTTP/1.1" 200 58072
::1 - - [24/Nov/2019:02:07:37 +0100] "GET /js/Chart.js HTTP/1.1" 200 428366
::1 - - [24/Nov/2019:02:07:38 +0100] "GET /js/Chart.js HTTP/1.1" 200 428366
::1 - - [24/Nov/2019:02:07:38 +0100] "GET /favicon.ico HTTP/1.1" 404 209
::1 - - [24/Nov/2019:02:14:29 +0100] "GET /mainpage.html HTTP/1.1" 200 4036
::1 - - [24/Nov/2019:02:14:29 +0100] "GET /css/bootstrap.css HTTP/1.1" 200 192348
::1 - - [24/Nov/2019:02:14:29 +0100] "GET /js/jquery-3.4.1.min.js HTTP/1.1" 200 88145
::1 - - [24/Nov/2019:02:14:29 +0100] "GET /js/bootstrap.min.js HTTP/1.1" 200 58072
::1 - - [24/Nov/2019:02:14:29 +0100] "GET /js/graphs.js HTTP/1.1" 200 5807
::1 - - [24/Nov/2019:02:14:29 +0100] "GET /js/Chart.js HTTP/1.1" 200 428366
::1 - - [24/Nov/2019:02:14:29 +0100] "GET /js/Chart.js HTTP/1.1" 200 428366
::1 - - [24/Nov/2019:02:14:29 +0100] "GET /favicon.ico HTTP/1.1" 404 209
::1 - - [24/Nov/2019:02:20:02 +0100] "GET / HTTP/1.1" 200 4036
::1 - - [24/Nov/2019:02:20:02 +0100] "GET /js/graphs.js HTTP/1.1" 200 5807
::1 - - [24/Nov/2019:02:20:02 +0100] "GET /favicon.ico HTTP/1.1" 404 209
